<?xml version="1.0" encoding="UTF-8"?>
<!-- Generated by org.testng.reporters.JUnitReportReporter -->
<testsuite hostname="DESKTOP-NEHM5GO" name="com.duckduckgo.test.duckDuckGoTest" tests="3" failures="0" timestamp="8 Aug 2020 21:05:50 GMT" time="45.077" errors="0">
  <testcase name="enterSearch" time="14.476" classname="com.duckduckgo.test.duckDuckGoTest"/>
  <testcase name="enterSearch" time="15.911" classname="com.duckduckgo.test.duckDuckGoTest"/>
  <testcase name="enterSearch" time="14.690" classname="com.duckduckgo.test.duckDuckGoTest"/>
</testsuite> <!-- com.duckduckgo.test.duckDuckGoTest -->
